<?xml version="1.0" encoding="UTF-8"?>
<!-- Generated by org.testng.reporters.JUnitReportReporter -->
<testsuite skipped="0" hostname="ltb-ibe1388" name="com.App.HealthifyMe.Suite.TestSuite" tests="1" failures="0" timestamp="2020-05-15T19:52:08 IST" time="146.479" errors="0">
  <testcase name="Healthify_WorkoutOperation" time="146.479" classname="com.App.HealthifyMe.Suite.TestSuite"/>
</testsuite> <!-- com.App.HealthifyMe.Suite.TestSuite -->
